Сборка начата 01.03.2017 11:15:12.
     1>Проект "C:\Users\Andrii\documents\visual studio 2013\Projects\Project2d\Project2d\Project2d.vcxproj" в узле 2 (целевые объекты Build).
     1>ClCompile:
         D:\New stusdio\VC\bin\CL.exe /c /AI"C:\Program Files (x86)\Reference Assemblies\Microsoft\Framework\.NETFramework\v4.5.2\\" /AI"C:\Program Files (x86)\Windows Kits\8.1\References\CommonConfiguration\Neutral" /AI"C:\Program Files (x86)\Reference Assemblies\Microsoft\Framework\.NETFramework\v4.5.2\Facades\\" /Zi /clr /nologo /W3 /WX- /Od /Oy- /D WIN32 /D _DEBUG /D _UNICODE /D UNICODE /EHa /MDd /GS /fp:precise /Zc:wchar_t /Zc:forScope /Fo"Debug\\" /Fd"Debug\vc120.pdb" /TP /FU"C:\Program Files (x86)\Reference Assemblies\Microsoft\Framework\.NETFramework\v4.5.2\mscorlib.dll" /FU"D:\opentk-2014-07-23\Binaries\OpenTK\Release\OpenTK.Compatibility.dll" /FU"D:\opentk-2014-07-23\Binaries\OpenTK\Release\OpenTK.dll" /FU"D:\opentk-2014-07-23\Binaries\OpenTK\Release\OpenTK.GLControl.dll" /FU"C:\Program Files (x86)\Reference Assemblies\Microsoft\Framework\.NETFramework\v4.5.2\System.Data.dll" /FU"C:\Program Files (x86)\Reference Assemblies\Microsoft\Framework\.NETFramework\v4.5.2\System.dll" /FU"C:\Program Files (x86)\Reference Assemblies\Microsoft\Framework\.NETFramework\v4.5.2\System.Drawing.dll" /FU"C:\Program Files (x86)\Reference Assemblies\Microsoft\Framework\.NETFramework\v4.5.2\System.Windows.Forms.dll" /FU"C:\Program Files (x86)\Reference Assemblies\Microsoft\Framework\.NETFramework\v4.5.2\System.Xml.dll" /FUC:\Windows\Tao.FreeGlut.dll /FU"C:\Program Files (x86)\TaoFramework\bin\Tao.OpenGl.dll" /FU"C:\Program Files (x86)\TaoFramework\bin\Tao.Platform.Windows.dll" /analyze- /errorReport:prompt /clr:nostdlib MyForm.cpp
         MyForm.cpp
     1>c:\program files (x86)\taoframework\bin\tao.opengl.dll : warning C4945: 'Gl' : cannot import symbol from 'c:\program files (x86)\taoframework\bin\tao.opengl.dll': as 'Tao::OpenGl::Gl' has already been imported from another assembly 'OpenTK.Compatibility'
                 d:\opentk-2014-07-23\binaries\opentk\release\opentk.compatibility.dll : see declaration of 'Tao::OpenGl::Gl'
                 first seen type is used; re-order imported assemblies to use the current type
                 This diagnostic occurred while importing type 'Tao.OpenGl.Gl' from assembly 'Tao.OpenGl, Version=2.1.0.12, Culture=neutral, PublicKeyToken=1ca010269a4501ef'.
     1>c:\program files (x86)\taoframework\bin\tao.opengl.dll : warning C4945: 'Glu' : cannot import symbol from 'c:\program files (x86)\taoframework\bin\tao.opengl.dll': as 'Tao::OpenGl::Glu' has already been imported from another assembly 'OpenTK.Compatibility'
                 d:\opentk-2014-07-23\binaries\opentk\release\opentk.compatibility.dll : see declaration of 'Tao::OpenGl::Glu'
                 first seen type is used; re-order imported assemblies to use the current type
                 This diagnostic occurred while importing type 'Tao.OpenGl.Glu' from assembly 'Tao.OpenGl, Version=2.1.0.12, Culture=neutral, PublicKeyToken=1ca010269a4501ef'.
     1>c:\program files (x86)\taoframework\bin\tao.platform.windows.dll : warning C4945: 'SimpleOpenGlControl' : cannot import symbol from 'c:\program files (x86)\taoframework\bin\tao.platform.windows.dll': as 'Tao::Platform::Windows::SimpleOpenGlControl' has already been imported from another assembly 'OpenTK.Compatibility'
                 d:\opentk-2014-07-23\binaries\opentk\release\opentk.compatibility.dll : see declaration of 'Tao::Platform::Windows::SimpleOpenGlControl'
                 first seen type is used; re-order imported assemblies to use the current type
                 This diagnostic occurred while importing type 'Tao.Platform.Windows.SimpleOpenGlControl' from assembly 'Tao.Platform.Windows, Version=1.0.0.5, Culture=neutral, PublicKeyToken=701104b2da67a104'.
     1>c:\users\andrii\documents\visual studio 2013\projects\project2d\project2d\MyForm.h(151): warning C4947: 'OpenTK::Graphics::OpenGL::GL::Begin' : marked as obsolete
                 Message: 'Use PrimitiveType overload instead'
     1>c:\users\andrii\documents\visual studio 2013\projects\project2d\project2d\MyForm.h(160): warning C4947: 'OpenTK::Graphics::OpenGL::GL::Begin' : marked as obsolete
                 Message: 'Use PrimitiveType overload instead'
     1>c:\users\andrii\documents\visual studio 2013\projects\project2d\project2d\MyForm.h(172): warning C4947: 'OpenTK::Graphics::OpenGL::GL::Begin' : marked as obsolete
                 Message: 'Use PrimitiveType overload instead'
     1>c:\users\andrii\documents\visual studio 2013\projects\project2d\project2d\MyForm.h(173): warning C4258: 'i' : definition from the for loop is ignored; the definition from the enclosing scope is used
                 c:\users\andrii\documents\visual studio 2013\projects\project2d\project2d\MyForm.h(164) : definition of 'i' ignored
                 c:\users\andrii\documents\visual studio 2013\projects\project2d\project2d\MyForm.h(146) : definition of 'i' used
     1>c:\users\andrii\documents\visual studio 2013\projects\project2d\project2d\MyForm.h(174): warning C4258: 'i' : definition from the for loop is ignored; the definition from the enclosing scope is used
                 c:\users\andrii\documents\visual studio 2013\projects\project2d\project2d\MyForm.h(164) : definition of 'i' ignored
                 c:\users\andrii\documents\visual studio 2013\projects\project2d\project2d\MyForm.h(146) : definition of 'i' used
     1>c:\users\andrii\documents\visual studio 2013\projects\project2d\project2d\MyForm.h(175): warning C4258: 'i' : definition from the for loop is ignored; the definition from the enclosing scope is used
                 c:\users\andrii\documents\visual studio 2013\projects\project2d\project2d\MyForm.h(164) : definition of 'i' ignored
                 c:\users\andrii\documents\visual studio 2013\projects\project2d\project2d\MyForm.h(146) : definition of 'i' used
     1>c:\users\andrii\documents\visual studio 2013\projects\project2d\project2d\MyForm.h(179): warning C4947: 'OpenTK::Graphics::OpenGL::GL::Begin' : marked as obsolete
                 Message: 'Use PrimitiveType overload instead'
     1>c:\users\andrii\documents\visual studio 2013\projects\project2d\project2d\MyForm.h(180): warning C4258: 'i' : definition from the for loop is ignored; the definition from the enclosing scope is used
                 c:\users\andrii\documents\visual studio 2013\projects\project2d\project2d\MyForm.h(164) : definition of 'i' ignored
                 c:\users\andrii\documents\visual studio 2013\projects\project2d\project2d\MyForm.h(146) : definition of 'i' used
     1>c:\users\andrii\documents\visual studio 2013\projects\project2d\project2d\MyForm.h(181): warning C4258: 'i' : definition from the for loop is ignored; the definition from the enclosing scope is used
                 c:\users\andrii\documents\visual studio 2013\projects\project2d\project2d\MyForm.h(164) : definition of 'i' ignored
                 c:\users\andrii\documents\visual studio 2013\projects\project2d\project2d\MyForm.h(146) : definition of 'i' used
     1>c:\users\andrii\documents\visual studio 2013\projects\project2d\project2d\MyForm.h(182): warning C4258: 'i' : definition from the for loop is ignored; the definition from the enclosing scope is used
                 c:\users\andrii\documents\visual studio 2013\projects\project2d\project2d\MyForm.h(164) : definition of 'i' ignored
                 c:\users\andrii\documents\visual studio 2013\projects\project2d\project2d\MyForm.h(146) : definition of 'i' used
     1>c:\users\andrii\documents\visual studio 2013\projects\project2d\project2d\MyForm.h(183): warning C4258: 'i' : definition from the for loop is ignored; the definition from the enclosing scope is used
                 c:\users\andrii\documents\visual studio 2013\projects\project2d\project2d\MyForm.h(164) : definition of 'i' ignored
                 c:\users\andrii\documents\visual studio 2013\projects\project2d\project2d\MyForm.h(146) : definition of 'i' used
     1>c:\users\andrii\documents\visual studio 2013\projects\project2d\project2d\MyForm.h(187): warning C4947: 'OpenTK::Graphics::OpenGL::GL::Begin' : marked as obsolete
                 Message: 'Use PrimitiveType overload instead'
     1>c:\users\andrii\documents\visual studio 2013\projects\project2d\project2d\MyForm.h(188): warning C4258: 'i' : definition from the for loop is ignored; the definition from the enclosing scope is used
                 c:\users\andrii\documents\visual studio 2013\projects\project2d\project2d\MyForm.h(164) : definition of 'i' ignored
                 c:\users\andrii\documents\visual studio 2013\projects\project2d\project2d\MyForm.h(146) : definition of 'i' used
     1>c:\users\andrii\documents\visual studio 2013\projects\project2d\project2d\MyForm.h(189): warning C4258: 'i' : definition from the for loop is ignored; the definition from the enclosing scope is used
                 c:\users\andrii\documents\visual studio 2013\projects\project2d\project2d\MyForm.h(164) : definition of 'i' ignored
                 c:\users\andrii\documents\visual studio 2013\projects\project2d\project2d\MyForm.h(146) : definition of 'i' used
     1>c:\users\andrii\documents\visual studio 2013\projects\project2d\project2d\MyForm.h(190): warning C4258: 'i' : definition from the for loop is ignored; the definition from the enclosing scope is used
                 c:\users\andrii\documents\visual studio 2013\projects\project2d\project2d\MyForm.h(164) : definition of 'i' ignored
                 c:\users\andrii\documents\visual studio 2013\projects\project2d\project2d\MyForm.h(146) : definition of 'i' used
     1>c:\users\andrii\documents\visual studio 2013\projects\project2d\project2d\MyForm.h(194): warning C4947: 'OpenTK::Graphics::OpenGL::GL::Begin' : marked as obsolete
                 Message: 'Use PrimitiveType overload instead'
     1>c:\users\andrii\documents\visual studio 2013\projects\project2d\project2d\MyForm.h(195): warning C4258: 'i' : definition from the for loop is ignored; the definition from the enclosing scope is used
                 c:\users\andrii\documents\visual studio 2013\projects\project2d\project2d\MyForm.h(164) : definition of 'i' ignored
                 c:\users\andrii\documents\visual studio 2013\projects\project2d\project2d\MyForm.h(146) : definition of 'i' used
     1>c:\users\andrii\documents\visual studio 2013\projects\project2d\project2d\MyForm.h(196): warning C4258: 'i' : definition from the for loop is ignored; the definition from the enclosing scope is used
                 c:\users\andrii\documents\visual studio 2013\projects\project2d\project2d\MyForm.h(164) : definition of 'i' ignored
                 c:\users\andrii\documents\visual studio 2013\projects\project2d\project2d\MyForm.h(146) : definition of 'i' used
     1>c:\users\andrii\documents\visual studio 2013\projects\project2d\project2d\MyForm.h(197): warning C4258: 'i' : definition from the for loop is ignored; the definition from the enclosing scope is used
                 c:\users\andrii\documents\visual studio 2013\projects\project2d\project2d\MyForm.h(164) : definition of 'i' ignored
                 c:\users\andrii\documents\visual studio 2013\projects\project2d\project2d\MyForm.h(146) : definition of 'i' used
     1>c:\users\andrii\documents\visual studio 2013\projects\project2d\project2d\MyForm.h(198): warning C4258: 'i' : definition from the for loop is ignored; the definition from the enclosing scope is used
                 c:\users\andrii\documents\visual studio 2013\projects\project2d\project2d\MyForm.h(164) : definition of 'i' ignored
                 c:\users\andrii\documents\visual studio 2013\projects\project2d\project2d\MyForm.h(146) : definition of 'i' used
     1>MyForm.cpp(8): warning C4551: function call missing argument list
       Link:
         D:\New stusdio\VC\bin\link.exe /ERRORREPORT:PROMPT /OUT:"C:\Users\Andrii\documents\visual studio 2013\Projects\Project2d\Debug\Project2d.exe" /INCREMENTAL /NOLOGO /ASSEMBLYRESOURCE:Debug\Project2d.MyForm.resources /MANIFEST /MANIFESTUAC:"level='asInvoker' uiAccess='false'" /manifest:embed /DEBUG /PDB:"C:\Users\Andrii\documents\visual studio 2013\Projects\Project2d\Debug\Project2d.pdb" /ASSEMBLYDEBUG /SUBSYSTEM:WINDOWS /TLBID:1 /ENTRY:"main" /DYNAMICBASE /FIXED:NO /NXCOMPAT /MACHINE:X86 Debug\Project2d.res
         Debug\MyForm.obj
         "Debug\.NETFramework,Version=v4.5.2.AssemblyAttributes.obj"
         Project2d.vcxproj -> C:\Users\Andrii\documents\visual studio 2013\Projects\Project2d\Debug\Project2d.exe
     1>Сборка проекта "C:\Users\Andrii\documents\visual studio 2013\Projects\Project2d\Project2d\Project2d.vcxproj" завершена (целевые объекты Build).

Сборка успешно завершена.

Затраченное время: 00:00:02.36
